2024-03-17T04:08:38.034+03:00  INFO 19316 --- [task-management-system] [restartedMain] c.n.t.TaskManagementSystemApplication    : Starting TaskManagementSystemApplication using Java 21.0.1 with PID 19316 (C:\Users\MNajjar\Downloads\task-management-system\task-management-system\target\classes started by MNajjar in C:\Users\MNajjar\Downloads\task-management-system)
2024-03-17T04:08:38.035+03:00  INFO 19316 --- [task-management-system] [restartedMain] c.n.t.TaskManagementSystemApplication    : No active profile set, falling back to 1 default profile: "default"
2024-03-17T04:08:38.091+03:00  INFO 19316 --- [task-management-system] [restartedMain] .e.DevToolsPropertyDefaultsPostProcessor : Devtools property defaults active! Set 'spring.devtools.add-properties' to 'false' to disable
2024-03-17T04:08:38.092+03:00  INFO 19316 --- [task-management-system] [restartedMain] .e.DevToolsPropertyDefaultsPostProcessor : For additional web related logging consider setting the 'logging.level.web' property to 'DEBUG'
2024-03-17T04:08:38.820+03:00  INFO 19316 --- [task-management-system] [restartedMain] .s.d.r.c.RepositoryConfigurationDelegate : Bootstrapping Spring Data JPA repositories in DEFAULT mode.
2024-03-17T04:08:38.870+03:00  INFO 19316 --- [task-management-system] [restartedMain] .s.d.r.c.RepositoryConfigurationDelegate : Finished Spring Data repository scanning in 44 ms. Found 3 JPA repository interfaces.
2024-03-17T04:08:39.454+03:00  INFO 19316 --- [task-management-system] [restartedMain] o.s.b.w.embedded.tomcat.TomcatWebServer  : Tomcat initialized with port 8080 (http)
2024-03-17T04:08:39.466+03:00  INFO 19316 --- [task-management-system] [restartedMain] o.apache.catalina.core.StandardService   : Starting service [Tomcat]
2024-03-17T04:08:39.466+03:00  INFO 19316 --- [task-management-system] [restartedMain] o.apache.catalina.core.StandardEngine    : Starting Servlet engine: [Apache Tomcat/10.1.19]
2024-03-17T04:08:39.512+03:00  INFO 19316 --- [task-management-system] [restartedMain] o.a.c.c.C.[Tomcat].[localhost].[/]       : Initializing Spring embedded WebApplicationContext
2024-03-17T04:08:39.513+03:00  INFO 19316 --- [task-management-system] [restartedMain] w.s.c.ServletWebServerApplicationContext : Root WebApplicationContext: initialization completed in 1420 ms
2024-03-17T04:08:39.657+03:00  INFO 19316 --- [task-management-system] [restartedMain] o.hibernate.jpa.internal.util.LogHelper  : HHH000204: Processing PersistenceUnitInfo [name: default]
2024-03-17T04:08:39.718+03:00  INFO 19316 --- [task-management-system] [restartedMain] org.hibernate.Version                    : HHH000412: Hibernate ORM core version 6.4.4.Final
2024-03-17T04:08:39.748+03:00  INFO 19316 --- [task-management-system] [restartedMain] o.h.c.internal.RegionFactoryInitiator    : HHH000026: Second-level cache disabled
2024-03-17T04:08:39.965+03:00  INFO 19316 --- [task-management-system] [restartedMain] o.s.o.j.p.SpringPersistenceUnitInfo      : No LoadTimeWeaver setup: ignoring JPA class transformer
2024-03-17T04:08:39.988+03:00  INFO 19316 --- [task-management-system] [restartedMain] com.zaxxer.hikari.HikariDataSource       : HikariPool-1 - Starting...
2024-03-17T04:08:40.126+03:00  INFO 19316 --- [task-management-system] [restartedMain] com.zaxxer.hikari.pool.HikariPool        : HikariPool-1 - Added connection com.mysql.cj.jdbc.ConnectionImpl@60a82327
2024-03-17T04:08:40.128+03:00  INFO 19316 --- [task-management-system] [restartedMain] com.zaxxer.hikari.HikariDataSource       : HikariPool-1 - Start completed.
2024-03-17T04:08:40.159+03:00  WARN 19316 --- [task-management-system] [restartedMain] org.hibernate.dialect.Dialect            : HHH000511: The 5.7.0 version for [org.hibernate.dialect.MySQLDialect] is no longer supported, hence certain features may not work properly. The minimum supported version is 8.0.0. Check the community dialects project for available legacy versions.
2024-03-17T04:08:40.163+03:00  WARN 19316 --- [task-management-system] [restartedMain] org.hibernate.orm.deprecation            : HHH90000025: MySQLDialect does not need to be specified explicitly using 'hibernate.dialect' (remove the property setting and it will be selected by default)
2024-03-17T04:08:40.184+03:00 DEBUG 19316 --- [task-management-system] [restartedMain] o.h.t.d.sql.spi.DdlTypeRegistry          : addDescriptor(12, org.hibernate.type.descriptor.sql.internal.CapacityDependentDdlType@74935049) replaced previous registration(org.hibernate.type.descriptor.sql.internal.CapacityDependentDdlType@422b4857)
2024-03-17T04:08:40.184+03:00 DEBUG 19316 --- [task-management-system] [restartedMain] o.h.t.d.sql.spi.DdlTypeRegistry          : addDescriptor(-9, org.hibernate.type.descriptor.sql.internal.CapacityDependentDdlType@1277dff2) replaced previous registration(org.hibernate.type.descriptor.sql.internal.CapacityDependentDdlType@4a13da30)
2024-03-17T04:08:40.184+03:00 DEBUG 19316 --- [task-management-system] [restartedMain] o.h.t.d.sql.spi.DdlTypeRegistry          : addDescriptor(-3, org.hibernate.type.descriptor.sql.internal.CapacityDependentDdlType@24ecca23) replaced previous registration(org.hibernate.type.descriptor.sql.internal.CapacityDependentDdlType@3c1d5719)
2024-03-17T04:08:40.184+03:00 DEBUG 19316 --- [task-management-system] [restartedMain] o.h.t.d.sql.spi.DdlTypeRegistry          : addDescriptor(4003, org.hibernate.type.descriptor.sql.internal.DdlTypeImpl@10b98727) replaced previous registration(org.hibernate.type.descriptor.sql.internal.DdlTypeImpl@442f0d5a)
2024-03-17T04:08:40.184+03:00 DEBUG 19316 --- [task-management-system] [restartedMain] o.h.t.d.sql.spi.DdlTypeRegistry          : addDescriptor(4001, org.hibernate.type.descriptor.sql.internal.DdlTypeImpl@6d07a2e) replaced previous registration(org.hibernate.type.descriptor.sql.internal.DdlTypeImpl@50235072)
2024-03-17T04:08:40.184+03:00 DEBUG 19316 --- [task-management-system] [restartedMain] o.h.t.d.sql.spi.DdlTypeRegistry          : addDescriptor(4002, org.hibernate.type.descriptor.sql.internal.DdlTypeImpl@cff75ee) replaced previous registration(org.hibernate.type.descriptor.sql.internal.DdlTypeImpl@3006fcf6)
2024-03-17T04:08:40.184+03:00 DEBUG 19316 --- [task-management-system] [restartedMain] o.h.t.d.sql.spi.DdlTypeRegistry          : addDescriptor(2004, org.hibernate.type.descriptor.sql.internal.CapacityDependentDdlType@3502f1d2) replaced previous registration(org.hibernate.type.descriptor.sql.internal.DdlTypeImpl@7f6897c0)
2024-03-17T04:08:40.184+03:00 DEBUG 19316 --- [task-management-system] [restartedMain] o.h.t.d.sql.spi.DdlTypeRegistry          : addDescriptor(2005, org.hibernate.type.descriptor.sql.internal.CapacityDependentDdlType@84fddc6) replaced previous registration(org.hibernate.type.descriptor.sql.internal.DdlTypeImpl@fa96175)
2024-03-17T04:08:40.185+03:00 DEBUG 19316 --- [task-management-system] [restartedMain] o.h.t.d.sql.spi.DdlTypeRegistry          : addDescriptor(2011, org.hibernate.type.descriptor.sql.internal.CapacityDependentDdlType@2d079d33) replaced previous registration(org.hibernate.type.descriptor.sql.internal.DdlTypeImpl@166ac9c4)
2024-03-17T04:08:40.885+03:00  INFO 19316 --- [task-management-system] [restartedMain] o.h.e.t.j.p.i.JtaPlatformInitiator       : HHH000489: No JTA platform available (set 'hibernate.transaction.jta.platform' to enable JTA platform integration)
2024-03-17T04:08:40.933+03:00  INFO 19316 --- [task-management-system] [restartedMain] j.LocalContainerEntityManagerFactoryBean : Initialized JPA EntityManagerFactory for persistence unit 'default'
2024-03-17T04:08:41.447+03:00  WARN 19316 --- [task-management-system] [restartedMain] JpaBaseConfiguration$JpaWebConfiguration : spring.jpa.open-in-view is enabled by default. Therefore, database queries may be performed during view rendering. Explicitly configure spring.jpa.open-in-view to disable this warning
2024-03-17T04:08:41.550+03:00  WARN 19316 --- [task-management-system] [restartedMain] ConfigServletWebServerApplicationContext : Exception encountered during context initialization - cancelling refresh attempt: org.springframework.beans.factory.BeanCreationException: Error creating bean with name 'securityFilterChain' defined in class path resource [com/najjar/taskmanagementsystem/config/SecurityConfig.class]: Failed to instantiate [org.springframework.security.web.SecurityFilterChain]: Factory method 'securityFilterChain' threw exception with message: Error creating bean with name 'mvcHandlerMappingIntrospector' defined in class path resource [org/springframework/boot/autoconfigure/web/servlet/WebMvcAutoConfiguration$EnableWebMvcConfiguration.class]: Error creating bean with name 'requestMappingHandlerMapping' defined in class path resource [org/springframework/boot/autoconfigure/web/servlet/WebMvcAutoConfiguration$EnableWebMvcConfiguration.class]: Invalid mapping on handler class [com.najjar.taskmanagementsystem.controller.TaskController]: public org.springframework.http.ResponseEntity com.najjar.taskmanagementsystem.controller.TaskController.getTaskByTaskId(java.lang.Long)
2024-03-17T04:08:41.551+03:00  INFO 19316 --- [task-management-system] [restartedMain] j.LocalContainerEntityManagerFactoryBean : Closing JPA EntityManagerFactory for persistence unit 'default'
2024-03-17T04:08:41.552+03:00  INFO 19316 --- [task-management-system] [restartedMain] com.zaxxer.hikari.HikariDataSource       : HikariPool-1 - Shutdown initiated...
2024-03-17T04:08:41.559+03:00  INFO 19316 --- [task-management-system] [restartedMain] com.zaxxer.hikari.HikariDataSource       : HikariPool-1 - Shutdown completed.
2024-03-17T04:08:41.561+03:00  INFO 19316 --- [task-management-system] [restartedMain] o.apache.catalina.core.StandardService   : Stopping service [Tomcat]
2024-03-17T04:08:41.569+03:00  INFO 19316 --- [task-management-system] [restartedMain] .s.b.a.l.ConditionEvaluationReportLogger : 

Error starting ApplicationContext. To display the condition evaluation report re-run your application with 'debug' enabled.
2024-03-17T04:08:41.586+03:00 ERROR 19316 --- [task-management-system] [restartedMain] o.s.b.d.LoggingFailureAnalysisReporter   : 

***************************
APPLICATION FAILED TO START
***************************

Description:

Invalid mapping pattern detected:
/tasks/{taskId}}
               ^
Missing preceding open capture character before variable name{

Action:

Fix this pattern in your application or switch to the legacy parser implementation with 'spring.mvc.pathmatch.matching-strategy=ant_path_matcher'.

2024-03-17T04:09:39.407+03:00  INFO 19260 --- [task-management-system] [restartedMain] c.n.t.TaskManagementSystemApplication    : Starting TaskManagementSystemApplication using Java 21.0.1 with PID 19260 (C:\Users\MNajjar\Downloads\task-management-system\task-management-system\target\classes started by MNajjar in C:\Users\MNajjar\Downloads\task-management-system)
2024-03-17T04:09:39.408+03:00  INFO 19260 --- [task-management-system] [restartedMain] c.n.t.TaskManagementSystemApplication    : No active profile set, falling back to 1 default profile: "default"
2024-03-17T04:09:39.462+03:00  INFO 19260 --- [task-management-system] [restartedMain] .e.DevToolsPropertyDefaultsPostProcessor : Devtools property defaults active! Set 'spring.devtools.add-properties' to 'false' to disable
2024-03-17T04:09:39.463+03:00  INFO 19260 --- [task-management-system] [restartedMain] .e.DevToolsPropertyDefaultsPostProcessor : For additional web related logging consider setting the 'logging.level.web' property to 'DEBUG'
2024-03-17T04:09:40.206+03:00  INFO 19260 --- [task-management-system] [restartedMain] .s.d.r.c.RepositoryConfigurationDelegate : Bootstrapping Spring Data JPA repositories in DEFAULT mode.
2024-03-17T04:09:40.262+03:00  INFO 19260 --- [task-management-system] [restartedMain] .s.d.r.c.RepositoryConfigurationDelegate : Finished Spring Data repository scanning in 49 ms. Found 3 JPA repository interfaces.
2024-03-17T04:09:40.853+03:00  INFO 19260 --- [task-management-system] [restartedMain] o.s.b.w.embedded.tomcat.TomcatWebServer  : Tomcat initialized with port 8080 (http)
2024-03-17T04:09:40.865+03:00  INFO 19260 --- [task-management-system] [restartedMain] o.apache.catalina.core.StandardService   : Starting service [Tomcat]
2024-03-17T04:09:40.865+03:00  INFO 19260 --- [task-management-system] [restartedMain] o.apache.catalina.core.StandardEngine    : Starting Servlet engine: [Apache Tomcat/10.1.19]
2024-03-17T04:09:40.912+03:00  INFO 19260 --- [task-management-system] [restartedMain] o.a.c.c.C.[Tomcat].[localhost].[/]       : Initializing Spring embedded WebApplicationContext
2024-03-17T04:09:40.912+03:00  INFO 19260 --- [task-management-system] [restartedMain] w.s.c.ServletWebServerApplicationContext : Root WebApplicationContext: initialization completed in 1449 ms
2024-03-17T04:09:41.041+03:00  INFO 19260 --- [task-management-system] [restartedMain] o.hibernate.jpa.internal.util.LogHelper  : HHH000204: Processing PersistenceUnitInfo [name: default]
2024-03-17T04:09:41.112+03:00  INFO 19260 --- [task-management-system] [restartedMain] org.hibernate.Version                    : HHH000412: Hibernate ORM core version 6.4.4.Final
2024-03-17T04:09:41.150+03:00  INFO 19260 --- [task-management-system] [restartedMain] o.h.c.internal.RegionFactoryInitiator    : HHH000026: Second-level cache disabled
2024-03-17T04:09:41.358+03:00  INFO 19260 --- [task-management-system] [restartedMain] o.s.o.j.p.SpringPersistenceUnitInfo      : No LoadTimeWeaver setup: ignoring JPA class transformer
2024-03-17T04:09:41.380+03:00  INFO 19260 --- [task-management-system] [restartedMain] com.zaxxer.hikari.HikariDataSource       : HikariPool-1 - Starting...
2024-03-17T04:09:41.524+03:00  INFO 19260 --- [task-management-system] [restartedMain] com.zaxxer.hikari.pool.HikariPool        : HikariPool-1 - Added connection com.mysql.cj.jdbc.ConnectionImpl@5c4c568
2024-03-17T04:09:41.526+03:00  INFO 19260 --- [task-management-system] [restartedMain] com.zaxxer.hikari.HikariDataSource       : HikariPool-1 - Start completed.
2024-03-17T04:09:41.561+03:00  WARN 19260 --- [task-management-system] [restartedMain] org.hibernate.dialect.Dialect            : HHH000511: The 5.7.0 version for [org.hibernate.dialect.MySQLDialect] is no longer supported, hence certain features may not work properly. The minimum supported version is 8.0.0. Check the community dialects project for available legacy versions.
2024-03-17T04:09:41.564+03:00  WARN 19260 --- [task-management-system] [restartedMain] org.hibernate.orm.deprecation            : HHH90000025: MySQLDialect does not need to be specified explicitly using 'hibernate.dialect' (remove the property setting and it will be selected by default)
2024-03-17T04:09:41.586+03:00 DEBUG 19260 --- [task-management-system] [restartedMain] o.h.t.d.sql.spi.DdlTypeRegistry          : addDescriptor(12, org.hibernate.type.descriptor.sql.internal.CapacityDependentDdlType@65b32f8c) replaced previous registration(org.hibernate.type.descriptor.sql.internal.CapacityDependentDdlType@6debe4b2)
2024-03-17T04:09:41.587+03:00 DEBUG 19260 --- [task-management-system] [restartedMain] o.h.t.d.sql.spi.DdlTypeRegistry          : addDescriptor(-9, org.hibernate.type.descriptor.sql.internal.CapacityDependentDdlType@6fc9d2a1) replaced previous registration(org.hibernate.type.descriptor.sql.internal.CapacityDependentDdlType@149e7bd6)
2024-03-17T04:09:41.587+03:00 DEBUG 19260 --- [task-management-system] [restartedMain] o.h.t.d.sql.spi.DdlTypeRegistry          : addDescriptor(-3, org.hibernate.type.descriptor.sql.internal.CapacityDependentDdlType@68adf986) replaced previous registration(org.hibernate.type.descriptor.sql.internal.CapacityDependentDdlType@5ad15e55)
2024-03-17T04:09:41.587+03:00 DEBUG 19260 --- [task-management-system] [restartedMain] o.h.t.d.sql.spi.DdlTypeRegistry          : addDescriptor(4003, org.hibernate.type.descriptor.sql.internal.DdlTypeImpl@7b2cd374) replaced previous registration(org.hibernate.type.descriptor.sql.internal.DdlTypeImpl@1c8b470c)
2024-03-17T04:09:41.587+03:00 DEBUG 19260 --- [task-management-system] [restartedMain] o.h.t.d.sql.spi.DdlTypeRegistry          : addDescriptor(4001, org.hibernate.type.descriptor.sql.internal.DdlTypeImpl@1b6decd2) replaced previous registration(org.hibernate.type.descriptor.sql.internal.DdlTypeImpl@4b9e2a1c)
2024-03-17T04:09:41.587+03:00 DEBUG 19260 --- [task-management-system] [restartedMain] o.h.t.d.sql.spi.DdlTypeRegistry          : addDescriptor(4002, org.hibernate.type.descriptor.sql.internal.DdlTypeImpl@56b4e768) replaced previous registration(org.hibernate.type.descriptor.sql.internal.DdlTypeImpl@10416995)
2024-03-17T04:09:41.587+03:00 DEBUG 19260 --- [task-management-system] [restartedMain] o.h.t.d.sql.spi.DdlTypeRegistry          : addDescriptor(2004, org.hibernate.type.descriptor.sql.internal.CapacityDependentDdlType@64be0c33) replaced previous registration(org.hibernate.type.descriptor.sql.internal.DdlTypeImpl@5eca0472)
2024-03-17T04:09:41.588+03:00 DEBUG 19260 --- [task-management-system] [restartedMain] o.h.t.d.sql.spi.DdlTypeRegistry          : addDescriptor(2005, org.hibernate.type.descriptor.sql.internal.CapacityDependentDdlType@2f343764) replaced previous registration(org.hibernate.type.descriptor.sql.internal.DdlTypeImpl@34a2eed6)
2024-03-17T04:09:41.588+03:00 DEBUG 19260 --- [task-management-system] [restartedMain] o.h.t.d.sql.spi.DdlTypeRegistry          : addDescriptor(2011, org.hibernate.type.descriptor.sql.internal.CapacityDependentDdlType@20e9a3e5) replaced previous registration(org.hibernate.type.descriptor.sql.internal.DdlTypeImpl@2e8eca1e)
2024-03-17T04:09:42.288+03:00  INFO 19260 --- [task-management-system] [restartedMain] o.h.e.t.j.p.i.JtaPlatformInitiator       : HHH000489: No JTA platform available (set 'hibernate.transaction.jta.platform' to enable JTA platform integration)
2024-03-17T04:09:42.337+03:00  INFO 19260 --- [task-management-system] [restartedMain] j.LocalContainerEntityManagerFactoryBean : Initialized JPA EntityManagerFactory for persistence unit 'default'
2024-03-17T04:09:42.867+03:00  WARN 19260 --- [task-management-system] [restartedMain] JpaBaseConfiguration$JpaWebConfiguration : spring.jpa.open-in-view is enabled by default. Therefore, database queries may be performed during view rendering. Explicitly configure spring.jpa.open-in-view to disable this warning
2024-03-17T04:09:43.110+03:00  INFO 19260 --- [task-management-system] [restartedMain] o.s.s.web.DefaultSecurityFilterChain     : Will secure any request with [org.springframework.security.web.session.DisableEncodeUrlFilter@5839b958, org.springframework.security.web.context.request.async.WebAsyncManagerIntegrationFilter@46ed1b2b, org.springframework.security.web.context.SecurityContextHolderFilter@715f4df5, org.springframework.security.web.header.HeaderWriterFilter@56eec869, org.springframework.web.filter.CorsFilter@20e2ec7f, org.springframework.security.web.authentication.logout.LogoutFilter@267e9980, com.najjar.taskmanagementsystem.security.JwtAuthenticationFilter@5ff9ee28, org.springframework.security.web.savedrequest.RequestCacheAwareFilter@64eb62fc, org.springframework.security.web.servletapi.SecurityContextHolderAwareRequestFilter@2a57d244, org.springframework.security.web.authentication.AnonymousAuthenticationFilter@137886f6, org.springframework.security.web.session.SessionManagementFilter@9fbfdb, org.springframework.security.web.access.ExceptionTranslationFilter@416c7d7b, org.springframework.security.web.access.intercept.AuthorizationFilter@812db17]
2024-03-17T04:09:43.382+03:00  INFO 19260 --- [task-management-system] [restartedMain] o.s.b.d.a.OptionalLiveReloadServer       : LiveReload server is running on port 35729
2024-03-17T04:09:43.409+03:00  INFO 19260 --- [task-management-system] [restartedMain] o.s.b.w.embedded.tomcat.TomcatWebServer  : Tomcat started on port 8080 (http) with context path ''
2024-03-17T04:09:43.416+03:00  INFO 19260 --- [task-management-system] [restartedMain] c.n.t.TaskManagementSystemApplication    : Started TaskManagementSystemApplication in 4.373 seconds (process running for 4.821)
2024-03-17T04:11:00.229+03:00  INFO 19260 --- [task-management-system] [SpringApplicationShutdownHook] j.LocalContainerEntityManagerFactoryBean : Closing JPA EntityManagerFactory for persistence unit 'default'
2024-03-17T04:11:00.232+03:00  INFO 19260 --- [task-management-system] [SpringApplicationShutdownHook] com.zaxxer.hikari.HikariDataSource       : HikariPool-1 - Shutdown initiated...
2024-03-17T04:11:00.238+03:00  INFO 19260 --- [task-management-system] [SpringApplicationShutdownHook] com.zaxxer.hikari.HikariDataSource       : HikariPool-1 - Shutdown completed.
2024-03-17T04:11:02.448+03:00  INFO 17424 --- [task-management-system] [restartedMain] c.n.t.TaskManagementSystemApplication    : Starting TaskManagementSystemApplication using Java 21.0.1 with PID 17424 (C:\Users\MNajjar\Downloads\task-management-system\task-management-system\target\classes started by MNajjar in C:\Users\MNajjar\Downloads\task-management-system)
2024-03-17T04:11:02.450+03:00  INFO 17424 --- [task-management-system] [restartedMain] c.n.t.TaskManagementSystemApplication    : No active profile set, falling back to 1 default profile: "default"
2024-03-17T04:11:02.518+03:00  INFO 17424 --- [task-management-system] [restartedMain] .e.DevToolsPropertyDefaultsPostProcessor : Devtools property defaults active! Set 'spring.devtools.add-properties' to 'false' to disable
2024-03-17T04:11:02.519+03:00  INFO 17424 --- [task-management-system] [restartedMain] .e.DevToolsPropertyDefaultsPostProcessor : For additional web related logging consider setting the 'logging.level.web' property to 'DEBUG'
2024-03-17T04:11:03.351+03:00  INFO 17424 --- [task-management-system] [restartedMain] .s.d.r.c.RepositoryConfigurationDelegate : Bootstrapping Spring Data JPA repositories in DEFAULT mode.
2024-03-17T04:11:03.409+03:00  INFO 17424 --- [task-management-system] [restartedMain] .s.d.r.c.RepositoryConfigurationDelegate : Finished Spring Data repository scanning in 50 ms. Found 3 JPA repository interfaces.
2024-03-17T04:11:04.054+03:00  INFO 17424 --- [task-management-system] [restartedMain] o.s.b.w.embedded.tomcat.TomcatWebServer  : Tomcat initialized with port 8080 (http)
2024-03-17T04:11:04.064+03:00  INFO 17424 --- [task-management-system] [restartedMain] o.apache.catalina.core.StandardService   : Starting service [Tomcat]
2024-03-17T04:11:04.064+03:00  INFO 17424 --- [task-management-system] [restartedMain] o.apache.catalina.core.StandardEngine    : Starting Servlet engine: [Apache Tomcat/10.1.19]
2024-03-17T04:11:04.110+03:00  INFO 17424 --- [task-management-system] [restartedMain] o.a.c.c.C.[Tomcat].[localhost].[/]       : Initializing Spring embedded WebApplicationContext
2024-03-17T04:11:04.110+03:00  INFO 17424 --- [task-management-system] [restartedMain] w.s.c.ServletWebServerApplicationContext : Root WebApplicationContext: initialization completed in 1591 ms
2024-03-17T04:11:04.240+03:00  INFO 17424 --- [task-management-system] [restartedMain] o.hibernate.jpa.internal.util.LogHelper  : HHH000204: Processing PersistenceUnitInfo [name: default]
2024-03-17T04:11:04.304+03:00  INFO 17424 --- [task-management-system] [restartedMain] org.hibernate.Version                    : HHH000412: Hibernate ORM core version 6.4.4.Final
2024-03-17T04:11:04.339+03:00  INFO 17424 --- [task-management-system] [restartedMain] o.h.c.internal.RegionFactoryInitiator    : HHH000026: Second-level cache disabled
2024-03-17T04:11:04.551+03:00  INFO 17424 --- [task-management-system] [restartedMain] o.s.o.j.p.SpringPersistenceUnitInfo      : No LoadTimeWeaver setup: ignoring JPA class transformer
2024-03-17T04:11:04.573+03:00  INFO 17424 --- [task-management-system] [restartedMain] com.zaxxer.hikari.HikariDataSource       : HikariPool-1 - Starting...
2024-03-17T04:11:04.724+03:00  INFO 17424 --- [task-management-system] [restartedMain] com.zaxxer.hikari.pool.HikariPool        : HikariPool-1 - Added connection com.mysql.cj.jdbc.ConnectionImpl@5d2a095e
2024-03-17T04:11:04.727+03:00  INFO 17424 --- [task-management-system] [restartedMain] com.zaxxer.hikari.HikariDataSource       : HikariPool-1 - Start completed.
2024-03-17T04:11:04.780+03:00  WARN 17424 --- [task-management-system] [restartedMain] org.hibernate.dialect.Dialect            : HHH000511: The 5.7.0 version for [org.hibernate.dialect.MySQLDialect] is no longer supported, hence certain features may not work properly. The minimum supported version is 8.0.0. Check the community dialects project for available legacy versions.
2024-03-17T04:11:04.784+03:00  WARN 17424 --- [task-management-system] [restartedMain] org.hibernate.orm.deprecation            : HHH90000025: MySQLDialect does not need to be specified explicitly using 'hibernate.dialect' (remove the property setting and it will be selected by default)
2024-03-17T04:11:04.818+03:00 DEBUG 17424 --- [task-management-system] [restartedMain] o.h.t.d.sql.spi.DdlTypeRegistry          : addDescriptor(12, org.hibernate.type.descriptor.sql.internal.CapacityDependentDdlType@3ea0832e) replaced previous registration(org.hibernate.type.descriptor.sql.internal.CapacityDependentDdlType@43eb947d)
2024-03-17T04:11:04.818+03:00 DEBUG 17424 --- [task-management-system] [restartedMain] o.h.t.d.sql.spi.DdlTypeRegistry          : addDescriptor(-9, org.hibernate.type.descriptor.sql.internal.CapacityDependentDdlType@5d5783c1) replaced previous registration(org.hibernate.type.descriptor.sql.internal.CapacityDependentDdlType@1d640ae9)
2024-03-17T04:11:04.818+03:00 DEBUG 17424 --- [task-management-system] [restartedMain] o.h.t.d.sql.spi.DdlTypeRegistry          : addDescriptor(-3, org.hibernate.type.descriptor.sql.internal.CapacityDependentDdlType@27675398) replaced previous registration(org.hibernate.type.descriptor.sql.internal.CapacityDependentDdlType@38b06375)
2024-03-17T04:11:04.818+03:00 DEBUG 17424 --- [task-management-system] [restartedMain] o.h.t.d.sql.spi.DdlTypeRegistry          : addDescriptor(4003, org.hibernate.type.descriptor.sql.internal.DdlTypeImpl@5918b629) replaced previous registration(org.hibernate.type.descriptor.sql.internal.DdlTypeImpl@6496cca1)
2024-03-17T04:11:04.818+03:00 DEBUG 17424 --- [task-management-system] [restartedMain] o.h.t.d.sql.spi.DdlTypeRegistry          : addDescriptor(4001, org.hibernate.type.descriptor.sql.internal.DdlTypeImpl@7970b838) replaced previous registration(org.hibernate.type.descriptor.sql.internal.DdlTypeImpl@42e0c7a8)
2024-03-17T04:11:04.818+03:00 DEBUG 17424 --- [task-management-system] [restartedMain] o.h.t.d.sql.spi.DdlTypeRegistry          : addDescriptor(4002, org.hibernate.type.descriptor.sql.internal.DdlTypeImpl@5ed58823) replaced previous registration(org.hibernate.type.descriptor.sql.internal.DdlTypeImpl@c74b49c)
2024-03-17T04:11:04.819+03:00 DEBUG 17424 --- [task-management-system] [restartedMain] o.h.t.d.sql.spi.DdlTypeRegistry          : addDescriptor(2004, org.hibernate.type.descriptor.sql.internal.CapacityDependentDdlType@70b97c52) replaced previous registration(org.hibernate.type.descriptor.sql.internal.DdlTypeImpl@34a0286a)
2024-03-17T04:11:04.819+03:00 DEBUG 17424 --- [task-management-system] [restartedMain] o.h.t.d.sql.spi.DdlTypeRegistry          : addDescriptor(2005, org.hibernate.type.descriptor.sql.internal.CapacityDependentDdlType@46c63a4d) replaced previous registration(org.hibernate.type.descriptor.sql.internal.DdlTypeImpl@6fbfb65d)
2024-03-17T04:11:04.819+03:00 DEBUG 17424 --- [task-management-system] [restartedMain] o.h.t.d.sql.spi.DdlTypeRegistry          : addDescriptor(2011, org.hibernate.type.descriptor.sql.internal.CapacityDependentDdlType@545f1c14) replaced previous registration(org.hibernate.type.descriptor.sql.internal.DdlTypeImpl@61098d8d)
2024-03-17T04:11:05.541+03:00  INFO 17424 --- [task-management-system] [restartedMain] o.h.e.t.j.p.i.JtaPlatformInitiator       : HHH000489: No JTA platform available (set 'hibernate.transaction.jta.platform' to enable JTA platform integration)
2024-03-17T04:11:05.592+03:00  INFO 17424 --- [task-management-system] [restartedMain] j.LocalContainerEntityManagerFactoryBean : Initialized JPA EntityManagerFactory for persistence unit 'default'
2024-03-17T04:11:06.150+03:00  WARN 17424 --- [task-management-system] [restartedMain] JpaBaseConfiguration$JpaWebConfiguration : spring.jpa.open-in-view is enabled by default. Therefore, database queries may be performed during view rendering. Explicitly configure spring.jpa.open-in-view to disable this warning
2024-03-17T04:11:06.421+03:00  INFO 17424 --- [task-management-system] [restartedMain] o.s.s.web.DefaultSecurityFilterChain     : Will secure any request with [org.springframework.security.web.session.DisableEncodeUrlFilter@611d1951, org.springframework.security.web.context.request.async.WebAsyncManagerIntegrationFilter@644ade6, org.springframework.security.web.context.SecurityContextHolderFilter@4a3773b1, org.springframework.security.web.header.HeaderWriterFilter@70872382, org.springframework.web.filter.CorsFilter@404d2071, org.springframework.security.web.authentication.logout.LogoutFilter@4e581c2b, com.najjar.taskmanagementsystem.security.JwtAuthenticationFilter@52b42b22, org.springframework.security.web.savedrequest.RequestCacheAwareFilter@3f3f9127, org.springframework.security.web.servletapi.SecurityContextHolderAwareRequestFilter@638e2cf3, org.springframework.security.web.authentication.AnonymousAuthenticationFilter@6d8bb288, org.springframework.security.web.session.SessionManagementFilter@8223782, org.springframework.security.web.access.ExceptionTranslationFilter@3ad94c2d, org.springframework.security.web.access.intercept.AuthorizationFilter@378a0682]
2024-03-17T04:11:06.676+03:00  INFO 17424 --- [task-management-system] [restartedMain] o.s.b.d.a.OptionalLiveReloadServer       : LiveReload server is running on port 35729
2024-03-17T04:11:06.703+03:00  INFO 17424 --- [task-management-system] [restartedMain] o.s.b.w.embedded.tomcat.TomcatWebServer  : Tomcat started on port 8080 (http) with context path ''
2024-03-17T04:11:06.711+03:00  INFO 17424 --- [task-management-system] [restartedMain] c.n.t.TaskManagementSystemApplication    : Started TaskManagementSystemApplication in 4.643 seconds (process running for 5.13)
2024-03-17T04:14:25.281+03:00  INFO 17424 --- [task-management-system] [SpringApplicationShutdownHook] j.LocalContainerEntityManagerFactoryBean : Closing JPA EntityManagerFactory for persistence unit 'default'
2024-03-17T04:14:25.286+03:00  INFO 17424 --- [task-management-system] [SpringApplicationShutdownHook] com.zaxxer.hikari.HikariDataSource       : HikariPool-1 - Shutdown initiated...
2024-03-17T04:14:25.292+03:00  INFO 17424 --- [task-management-system] [SpringApplicationShutdownHook] com.zaxxer.hikari.HikariDataSource       : HikariPool-1 - Shutdown completed.
